  main.cpp
E:\v64tng\src\main.cpp(77,11): warning C4100: 'nCmdShow': unreferenced formal parameter
E:\v64tng\src\main.cpp(76,13): warning C4100: 'lpCmdLine': unreferenced formal parameter
E:\v64tng\src\main.cpp(75,21): warning C4100: 'hPrevInstance': unreferenced formal parameter
E:\v64tng\src\main.cpp(74,17): warning C4100: 'hInstance': unreferenced formal parameter
  window.cpp
E:\v64tng\src\window.cpp(187,219): warning C4100: 'pUserData': unreferenced formal parameter
E:\v64tng\src\window.cpp(187,141): warning C4100: 'messageType': unreferenced formal parameter
E:\v64tng\src\window.cpp(187,92): warning C4100: 'messageSeverity': unreferenced formal parameter
E:\v64tng\src\window.cpp(195,50): warning C4459: declaration of 'instance' hides global declaration
E:\v64tng\src\window.cpp(208,47): warning C4459: declaration of 'instance' hides global declaration
E:\v64tng\src\window.cpp(208,82): warning C4459: declaration of 'debugMessenger' hides global declaration
E:\v64tng\src\window.cpp(229,19): warning C4459: declaration of 'device' hides global declaration
E:\v64tng\src\window.cpp(244,40): warning C4459: declaration of 'device' hides global declaration
E:\v64tng\src\window.cpp(260,55): warning C4459: declaration of 'device' hides global declaration
E:\v64tng\src\window.cpp(352,51): warning C4459: declaration of 'device' hides global declaration
E:\v64tng\src\window.cpp(371,64): warning C4459: declaration of 'device' hides global declaration
  Generating Code...
  v64tng.vcxproj -> E:\v64tng\v64tng.exe
  Copies the program into my game directory for testing
  E:\v64tng\v64tng.exe
  1 File(s) copied
