e:\v64tng\intermediate\vc143.pdb
e:\v64tng\intermediate\vc143.idb
e:\v64tng\intermediate\xmi.obj
e:\v64tng\intermediate\window.obj
e:\v64tng\intermediate\vdx.obj
e:\v64tng\intermediate\rl.obj
e:\v64tng\intermediate\main.obj
e:\v64tng\intermediate\lzss.obj
e:\v64tng\intermediate\gjd.obj
e:\v64tng\intermediate\game.obj
e:\v64tng\intermediate\extract.obj
e:\v64tng\intermediate\delta.obj
e:\v64tng\intermediate\config.obj
e:\v64tng\intermediate\bitmap.obj
e:\v64tng\v64tng.pdb
e:\v64tng\intermediate\v64tng.ilk
e:\v64tng\\v64tng.pdb
e:\v64tng\v64tng.exe
e:\v64tng\\intermediate\v64tng.vcxproj.filelistabsolute.txt
e:\v64tng\intermediate\v64tng.tlog\cl.command.1.tlog
e:\v64tng\intermediate\v64tng.tlog\cl.items.tlog
e:\v64tng\intermediate\v64tng.tlog\cl.read.1.tlog
e:\v64tng\intermediate\v64tng.tlog\cl.write.1.tlog
e:\v64tng\intermediate\v64tng.tlog\link.command.1.tlog
e:\v64tng\intermediate\v64tng.tlog\link.read.1.tlog
e:\v64tng\intermediate\v64tng.tlog\link.secondary.1.tlog
e:\v64tng\intermediate\v64tng.tlog\link.write.1.tlog
