e:\v64tng\v64tng\x64\debug\vc143.pdb
e:\v64tng\v64tng\x64\debug\vc143.idb
e:\v64tng\v64tng\x64\debug\xmi.obj
e:\v64tng\v64tng\x64\debug\window.obj
e:\v64tng\v64tng\x64\debug\vdx.obj
e:\v64tng\v64tng\x64\debug\rl.obj
e:\v64tng\v64tng\x64\debug\main.obj
e:\v64tng\v64tng\x64\debug\lzss.obj
e:\v64tng\v64tng\x64\debug\gjd.obj
e:\v64tng\v64tng\x64\debug\game.obj
e:\v64tng\v64tng\x64\debug\extract.obj
e:\v64tng\v64tng\x64\debug\delta.obj
e:\v64tng\v64tng\x64\debug\config.obj
e:\v64tng\v64tng\x64\debug\bitmap.obj
e:\v64tng\v64tng.pdb
e:\v64tng\v64tng\x64\debug\v64tng.ilk
e:\v64tng\\v64tng.pdb
e:\v64tng\v64tng.exe
e:\v64tng\v64tng\x64\debug\v64tng.tlog\cl.command.1.tlog
e:\v64tng\v64tng\x64\debug\v64tng.tlog\cl.items.tlog
e:\v64tng\v64tng\x64\debug\v64tng.tlog\cl.read.1.tlog
e:\v64tng\v64tng\x64\debug\v64tng.tlog\cl.write.1.tlog
e:\v64tng\v64tng\x64\debug\v64tng.tlog\link.command.1.tlog
e:\v64tng\v64tng\x64\debug\v64tng.tlog\link.read.1.tlog
e:\v64tng\v64tng\x64\debug\v64tng.tlog\link.secondary.1.tlog
e:\v64tng\v64tng\x64\debug\v64tng.tlog\link.write.1.tlog
