  bitmap.cpp
E:\v64tng\src\bitmap.cpp(61,9): warning C4611: interaction between '_setjmp' and C++ object destruction is non-portable
  config.cpp
  delta.cpp
  extract.cpp
  game.cpp
E:\v64tng\src\game.cpp(31,7): warning C4189: 'current_room': local variable is initialized but not referenced
  gjd.cpp
  lzss.cpp
  main.cpp
E:\v64tng\src\main.cpp(61,11): warning C4100: 'nCmdShow': unreferenced formal parameter
E:\v64tng\src\main.cpp(60,13): warning C4100: 'lpCmdLine': unreferenced formal parameter
E:\v64tng\src\main.cpp(59,21): warning C4100: 'hPrevInstance': unreferenced formal parameter
E:\v64tng\src\main.cpp(58,17): warning C4100: 'hInstance': unreferenced formal parameter
  rl.cpp
  vdx.cpp
  window.cpp
  xmi.cpp
  Generating Code...
  v64tng.vcxproj -> E:\v64tng\v64tng.exe
  Copies the program into my game directory for testing
  E:\v64tng\v64tng.exe
  1 File(s) copied
